2025-06-12 17:47:01,426 - INFO - Translations loaded successfully.
2025-06-12 17:47:01,834 - INFO - Super admin user created.
2025-06-12 17:47:01,835 - INFO - Telegram bot loading process started in a separate thread for webhooks.
2025-06-12 17:47:01,835 - INFO - Flask app starting on 0.0.0.0:5000 (Debug: True)
2025-06-12 17:47:01,838 - INFO - Found 0 branches with bot tokens to load and configure webhooks.
2025-06-12 17:47:01,839 - INFO - All configured Telegram bots attempted to start.
2025-06-12 17:54:45,803 - INFO - Translations loaded successfully.
2025-06-12 17:54:46,053 - INFO - Super admin user created.
2025-06-12 17:54:46,054 - INFO - Telegram bot loading process started in a separate thread for webhooks.
2025-06-12 17:54:46,055 - INFO - Flask app starting on 0.0.0.0:5000 (Debug: True)
2025-06-12 17:54:46,057 - INFO - Found 0 branches with bot tokens to load and configure webhooks.
2025-06-12 17:54:46,057 - INFO - All configured Telegram bots attempted to start.
2025-06-12 17:55:21,679 - INFO - Translations loaded successfully.
2025-06-12 17:55:21,949 - INFO - Super admin user created.
2025-06-12 17:55:21,950 - INFO - Telegram bot loading process started in a separate thread for webhooks.
2025-06-12 17:55:21,951 - INFO - Flask app starting on 0.0.0.0:5000 (Debug: True)
2025-06-12 17:55:21,953 - INFO - Found 0 branches with bot tokens to load and configure webhooks.
2025-06-12 17:55:21,954 - INFO - All configured Telegram bots attempted to start.
2025-06-12 18:18:04,824 - INFO - Telegram Bot (Aiogram) успешно инициализирован для режима polling.
2025-06-12 18:18:04,826 - INFO - Translations loaded successfully.
2025-06-12 18:18:05,211 - INFO - Super admin user created.
2025-06-12 18:18:05,216 - INFO - Telegram bot запущен в режиме polling в отдельном потоке.
2025-06-12 18:18:05,216 - INFO - Flask app starting on 0.0.0.0:5000 (Debug: False)
2025-06-12 18:18:05,219 - INFO - Start polling
2025-06-12 18:18:05,610 - INFO - Run polling for bot @regofficesamdukf_bot id=7800821253 - 'regofficesamdukf'
2025-06-12 18:18:23,531 - ERROR - Telegram user 6148272773 not found and no branches exist in DB. Cannot assign branch_id.
2025-06-12 18:18:23,532 - ERROR - Could not find or assign branch_id for Telegram user 6148272773. Update ignored.
2025-06-12 18:18:23,892 - INFO - Update id=281278973 is handled. Duration 363 ms by bot id=7800821253
2025-06-12 18:18:27,325 - ERROR - Telegram user 6148272773 not found and no branches exist in DB. Cannot assign branch_id.
2025-06-12 18:18:27,325 - ERROR - Could not find or assign branch_id for Telegram user 6148272773. Update ignored.
2025-06-12 18:18:27,521 - INFO - Update id=281278974 is handled. Duration 197 ms by bot id=7800821253
2025-06-12 19:09:18,400 - INFO - Telegram Bot (Aiogram) успешно инициализирован для режима polling.
2025-06-12 19:09:18,402 - INFO - Translations loaded successfully.
2025-06-12 19:09:19,029 - INFO - Super admin user created.
2025-06-12 19:09:19,033 - INFO - Telegram bot запущен в режиме polling в отдельном потоке.
2025-06-12 19:09:19,034 - INFO - Flask app starting on 0.0.0.0:5000 (Debug: False)
2025-06-12 19:09:19,035 - INFO - Start polling
2025-06-12 19:09:19,418 - INFO - Run polling for bot @regofficesamdukf_bot id=7800821253 - 'regofficesamdukf'
2025-06-12 19:09:26,650 - ERROR - Telegram user 6148272773 not found and no branches exist in DB. Cannot assign branch_id.
2025-06-12 19:09:26,650 - ERROR - Could not find or assign branch_id for Telegram user 6148272773. Update ignored.
2025-06-12 19:09:27,023 - INFO - Update id=281278975 is handled. Duration 376 ms by bot id=7800821253
2025-06-12 19:29:16,802 - INFO - Telegram Bot (Aiogram) успешно инициализирован для режима polling.
2025-06-12 19:29:16,803 - INFO - Translations loaded successfully.
2025-06-12 19:29:17,288 - INFO - Super admin user created.
2025-06-12 19:29:17,299 - INFO - Telegram bot launched in polling mode in a separate thread.
2025-06-12 19:29:17,300 - INFO - Flask app starting on 0.0.0.0:5000 (Debug: True)
2025-06-12 19:29:17,302 - INFO - Start polling
2025-06-13 17:00:16,976 - INFO - Telegram Bot (Aiogram) успешно инициализирован для режима polling.
2025-06-13 17:00:16,978 - ERROR - Error decoding translations.json: Expecting ',' delimiter: line 14 column 41 (char 894).
2025-06-13 17:00:17,309 - INFO - Super admin user created.
2025-06-13 17:00:17,310 - INFO - Initial old ticket cleanup scheduled in 60 seconds.
2025-06-13 17:00:17,311 - INFO - Flask app starting on 0.0.0.0:5000 with debug_mode=True
2025-06-13 17:00:17,315 - INFO - Starting Telegram bot polling...
2025-06-13 17:00:17,316 - INFO - Start polling
2025-06-13 17:00:17,336 - INFO -  * Restarting with stat
2025-06-13 17:00:21,023 - INFO - Run polling for bot @regofficesamdukf_bot id=7800821253 - 'regofficesamdukf'
2025-06-13 17:00:22,308 - INFO - Telegram Bot (Aiogram) успешно инициализирован для режима polling.
2025-06-13 17:00:22,309 - ERROR - Error decoding translations.json: Expecting ',' delimiter: line 14 column 41 (char 894).
2025-06-13 17:00:22,344 - INFO - Super admin user already exists.
2025-06-13 17:00:22,346 - INFO - Initial old ticket cleanup scheduled in 60 seconds.
2025-06-13 17:00:22,346 - INFO - Flask app starting on 0.0.0.0:5000 with debug_mode=True
2025-06-13 17:00:22,354 - INFO - Starting Telegram bot polling...
2025-06-13 17:00:22,354 - INFO - Start polling
2025-06-13 17:00:22,361 - WARNING -  * Debugger is active!
2025-06-13 17:00:22,372 - INFO -  * Debugger PIN: 817-917-368
2025-06-13 17:00:22,707 - INFO - Run polling for bot @regofficesamdukf_bot id=7800821253 - 'regofficesamdukf'
2025-06-13 17:00:22,829 - ERROR - Failed to fetch updates - TelegramConflictError: Telegram server says - Conflict: terminated by other getUpdates request; make sure that only one bot instance is running
2025-06-13 17:00:22,830 - WARNING - Sleep for 1.000000 seconds and try again... (tryings = 0, bot id = 7800821253)
2025-06-13 17:00:26,960 - ERROR - Failed to fetch updates - TelegramConflictError: Telegram server says - Conflict: terminated by other getUpdates request; make sure that only one bot instance is running
2025-06-13 17:00:26,961 - WARNING - Sleep for 1.000000 seconds and try again... (tryings = 0, bot id = 7800821253)
2025-06-13 17:00:29,437 - ERROR - Failed to fetch updates - TelegramConflictError: Telegram server says - Conflict: terminated by other getUpdates request; make sure that only one bot instance is running
2025-06-13 17:00:29,437 - WARNING - Sleep for 1.105371 seconds and try again... (tryings = 1, bot id = 7800821253)
2025-06-13 17:00:33,673 - ERROR - Failed to fetch updates - TelegramConflictError: Telegram server says - Conflict: terminated by other getUpdates request; make sure that only one bot instance is running
2025-06-13 17:00:33,674 - WARNING - Sleep for 1.512531 seconds and try again... (tryings = 1, bot id = 7800821253)
2025-06-13 17:00:35,308 - ERROR - Failed to fetch updates - TelegramConflictError: Telegram server says - Conflict: terminated by other getUpdates request; make sure that only one bot instance is running
2025-06-13 17:00:35,308 - WARNING - Sleep for 1.230818 seconds and try again... (tryings = 2, bot id = 7800821253)
2025-06-13 17:00:39,665 - ERROR - Failed to fetch updates - TelegramConflictError: Telegram server says - Conflict: terminated by other getUpdates request; make sure that only one bot instance is running
2025-06-13 17:00:39,665 - WARNING - Sleep for 1.989439 seconds and try again... (tryings = 2, bot id = 7800821253)
2025-06-13 17:00:41,786 - ERROR - Failed to fetch updates - TelegramConflictError: Telegram server says - Conflict: terminated by other getUpdates request; make sure that only one bot instance is running
2025-06-13 17:00:41,786 - WARNING - Sleep for 1.608821 seconds and try again... (tryings = 3, bot id = 7800821253)
2025-06-13 17:00:46,513 - ERROR - Failed to fetch updates - TelegramConflictError: Telegram server says - Conflict: terminated by other getUpdates request; make sure that only one bot instance is running
2025-06-13 17:00:46,514 - WARNING - Sleep for 2.655066 seconds and try again... (tryings = 3, bot id = 7800821253)
2025-06-13 17:00:49,287 - ERROR - Failed to fetch updates - TelegramConflictError: Telegram server says - Conflict: terminated by other getUpdates request; make sure that only one bot instance is running
2025-06-13 17:00:49,287 - WARNING - Sleep for 2.187753 seconds and try again... (tryings = 4, bot id = 7800821253)
2025-06-13 17:00:54,630 - ERROR - Failed to fetch updates - TelegramConflictError: Telegram server says - Conflict: terminated by other getUpdates request; make sure that only one bot instance is running
2025-06-13 17:00:54,631 - WARNING - Sleep for 3.401550 seconds and try again... (tryings = 4, bot id = 7800821253)
2025-06-13 17:00:58,163 - ERROR - Failed to fetch updates - TelegramConflictError: Telegram server says - Conflict: terminated by other getUpdates request; make sure that only one bot instance is running
2025-06-13 17:00:58,163 - WARNING - Sleep for 2.731563 seconds and try again... (tryings = 5, bot id = 7800821253)
2025-06-13 17:01:04,032 - ERROR - Failed to fetch updates - TelegramConflictError: Telegram server says - Conflict: terminated by other getUpdates request; make sure that only one bot instance is running
2025-06-13 17:01:04,032 - WARNING - Sleep for 4.359703 seconds and try again... (tryings = 5, bot id = 7800821253)
2025-06-13 17:01:05,819 - INFO - Connection established (tryings = 6, bot id = 7800821253)
2025-06-13 17:01:05,822 - ERROR - Telegram user 6148272773 not found and no branches exist in DB. Cannot assign branch_id.
2025-06-13 17:01:05,822 - ERROR - Could not find or assign branch_id for Telegram user 6148272773. Update ignored.
2025-06-13 17:01:06,189 - INFO - Update id=281278976 is handled. Duration 369 ms by bot id=7800821253
2025-06-13 17:01:08,871 - ERROR - Failed to fetch updates - TelegramConflictError: Telegram server says - Conflict: terminated by other getUpdates request; make sure that only one bot instance is running
2025-06-13 17:01:08,872 - WARNING - Sleep for 1.000000 seconds and try again... (tryings = 0, bot id = 7800821253)
2025-06-13 17:01:12,988 - ERROR - Failed to fetch updates - TelegramConflictError: Telegram server says - Conflict: terminated by other getUpdates request; make sure that only one bot instance is running
2025-06-13 17:01:12,988 - WARNING - Sleep for 5.129226 seconds and try again... (tryings = 6, bot id = 7800821253)
2025-06-13 17:01:17,329 - INFO - No old tickets to clean up older than 2025-06-06.
2025-06-13 17:01:17,332 - INFO - Next old ticket cleanup scheduled in 24 hours.
2025-06-13 17:01:18,241 - ERROR - Failed to fetch updates - TelegramConflictError: Telegram server says - Conflict: terminated by other getUpdates request; make sure that only one bot instance is running
2025-06-13 17:01:18,242 - WARNING - Sleep for 1.294173 seconds and try again... (tryings = 1, bot id = 7800821253)
2025-06-13 17:01:22,357 - INFO - No old tickets to clean up older than 2025-06-06.
2025-06-13 17:01:22,358 - INFO - Next old ticket cleanup scheduled in 24 hours.
2025-06-13 17:01:22,661 - ERROR - Failed to fetch updates - TelegramConflictError: Telegram server says - Conflict: terminated by other getUpdates request; make sure that only one bot instance is running
2025-06-13 17:01:22,661 - WARNING - Sleep for 5.111459 seconds and try again... (tryings = 7, bot id = 7800821253)
2025-06-13 17:01:26,074 - WARNING - Access denied: No admin session ID found, redirecting to login.
2025-06-13 17:01:27,902 - ERROR - Failed to fetch updates - TelegramConflictError: Telegram server says - Conflict: terminated by other getUpdates request; make sure that only one bot instance is running
2025-06-13 17:01:27,902 - WARNING - Sleep for 1.645624 seconds and try again... (tryings = 2, bot id = 7800821253)
2025-06-13 17:01:32,661 - ERROR - Failed to fetch updates - TelegramConflictError: Telegram server says - Conflict: terminated by other getUpdates request; make sure that only one bot instance is running
2025-06-13 17:01:32,687 - WARNING - Sleep for 4.955646 seconds and try again... (tryings = 8, bot id = 7800821253)
2025-06-13 17:01:36,083 - INFO - Admin user Suxrob logged in successfully with role super_admin.
2025-06-13 17:01:37,770 - ERROR - Failed to fetch updates - TelegramConflictError: Telegram server says - Conflict: terminated by other getUpdates request; make sure that only one bot instance is running
2025-06-13 17:01:37,770 - WARNING - Sleep for 2.133067 seconds and try again... (tryings = 3, bot id = 7800821253)
2025-06-13 17:01:43,026 - ERROR - Failed to fetch updates - TelegramConflictError: Telegram server says - Conflict: terminated by other getUpdates request; make sure that only one bot instance is running
2025-06-13 17:01:43,026 - WARNING - Sleep for 5.121605 seconds and try again... (tryings = 9, bot id = 7800821253)
2025-06-13 17:01:48,272 - ERROR - Failed to fetch updates - TelegramConflictError: Telegram server says - Conflict: terminated by other getUpdates request; make sure that only one bot instance is running
2025-06-13 17:01:48,290 - WARNING - Sleep for 2.895923 seconds and try again... (tryings = 4, bot id = 7800821253)
2025-06-13 17:01:51,316 - ERROR - Failed to fetch updates - TelegramConflictError: Telegram server says - Conflict: terminated by other getUpdates request; make sure that only one bot instance is running
2025-06-13 17:01:51,317 - WARNING - Sleep for 4.929040 seconds and try again... (tryings = 10, bot id = 7800821253)
2025-06-13 17:01:56,377 - ERROR - Failed to fetch updates - TelegramConflictError: Telegram server says - Conflict: terminated by other getUpdates request; make sure that only one bot instance is running
2025-06-13 17:01:56,378 - WARNING - Sleep for 3.890857 seconds and try again... (tryings = 5, bot id = 7800821253)
2025-06-13 17:02:00,395 - ERROR - Failed to fetch updates - TelegramConflictError: Telegram server says - Conflict: terminated by other getUpdates request; make sure that only one bot instance is running
2025-06-13 17:02:00,395 - WARNING - Sleep for 5.010285 seconds and try again... (tryings = 11, bot id = 7800821253)
2025-06-13 17:02:05,535 - ERROR - Failed to fetch updates - TelegramConflictError: Telegram server says - Conflict: terminated by other getUpdates request; make sure that only one bot instance is running
2025-06-13 17:02:05,536 - WARNING - Sleep for 5.081800 seconds and try again... (tryings = 6, bot id = 7800821253)
2025-06-13 17:02:10,739 - ERROR - Failed to fetch updates - TelegramConflictError: Telegram server says - Conflict: terminated by other getUpdates request; make sure that only one bot instance is running
2025-06-13 17:02:10,739 - WARNING - Sleep for 4.969944 seconds and try again... (tryings = 12, bot id = 7800821253)
2025-06-13 17:02:15,830 - ERROR - Failed to fetch updates - TelegramConflictError: Telegram server says - Conflict: terminated by other getUpdates request; make sure that only one bot instance is running
2025-06-13 17:02:15,831 - WARNING - Sleep for 5.042859 seconds and try again... (tryings = 7, bot id = 7800821253)
2025-06-13 17:02:21,035 - ERROR - Failed to fetch updates - TelegramConflictError: Telegram server says - Conflict: terminated by other getUpdates request; make sure that only one bot instance is running
2025-06-13 17:02:21,035 - WARNING - Sleep for 4.882189 seconds and try again... (tryings = 13, bot id = 7800821253)
2025-06-13 17:02:26,047 - ERROR - Failed to fetch updates - TelegramConflictError: Telegram server says - Conflict: terminated by other getUpdates request; make sure that only one bot instance is running
2025-06-13 17:02:26,048 - WARNING - Sleep for 4.945172 seconds and try again... (tryings = 8, bot id = 7800821253)
2025-06-13 17:02:31,132 - ERROR - Failed to fetch updates - TelegramConflictError: Telegram server says - Conflict: terminated by other getUpdates request; make sure that only one bot instance is running
2025-06-13 17:02:31,133 - WARNING - Sleep for 4.982987 seconds and try again... (tryings = 14, bot id = 7800821253)
2025-06-13 17:02:36,245 - ERROR - Failed to fetch updates - TelegramConflictError: Telegram server says - Conflict: terminated by other getUpdates request; make sure that only one bot instance is running
2025-06-13 17:02:36,245 - WARNING - Sleep for 4.971381 seconds and try again... (tryings = 9, bot id = 7800821253)
2025-06-13 17:02:41,342 - ERROR - Failed to fetch updates - TelegramConflictError: Telegram server says - Conflict: terminated by other getUpdates request; make sure that only one bot instance is running
2025-06-13 17:02:41,342 - WARNING - Sleep for 4.909513 seconds and try again... (tryings = 15, bot id = 7800821253)
2025-06-13 17:02:46,365 - ERROR - Failed to fetch updates - TelegramConflictError: Telegram server says - Conflict: terminated by other getUpdates request; make sure that only one bot instance is running
2025-06-13 17:02:46,366 - WARNING - Sleep for 4.969682 seconds and try again... (tryings = 10, bot id = 7800821253)
2025-06-13 17:02:51,457 - ERROR - Failed to fetch updates - TelegramConflictError: Telegram server says - Conflict: terminated by other getUpdates request; make sure that only one bot instance is running
2025-06-13 17:02:51,457 - WARNING - Sleep for 5.111557 seconds and try again... (tryings = 16, bot id = 7800821253)
2025-06-13 17:02:56,696 - ERROR - Failed to fetch updates - TelegramConflictError: Telegram server says - Conflict: terminated by other getUpdates request; make sure that only one bot instance is running
2025-06-13 17:02:56,696 - WARNING - Sleep for 4.945687 seconds and try again... (tryings = 11, bot id = 7800821253)
2025-06-13 17:03:01,761 - ERROR - Failed to fetch updates - TelegramConflictError: Telegram server says - Conflict: terminated by other getUpdates request; make sure that only one bot instance is running
2025-06-13 17:03:01,762 - WARNING - Sleep for 5.000982 seconds and try again... (tryings = 17, bot id = 7800821253)
2025-06-13 17:03:04,495 - INFO -  * Detected change in 'C:\\Users\\Sab1l1ty\\Desktop\\kiosk\\kiosk\\app.py', reloading
2025-06-13 17:03:06,881 - ERROR - Failed to fetch updates - TelegramConflictError: Telegram server says - Conflict: terminated by other getUpdates request; make sure that only one bot instance is running
2025-06-13 17:03:06,881 - WARNING - Sleep for 4.931836 seconds and try again... (tryings = 12, bot id = 7800821253)
2025-06-13 17:03:11,927 - ERROR - Failed to fetch updates - TelegramConflictError: Telegram server says - Conflict: terminated by other getUpdates request; make sure that only one bot instance is running
2025-06-13 17:03:11,930 - WARNING - Sleep for 5.012928 seconds and try again... (tryings = 18, bot id = 7800821253)
2025-06-13 17:03:17,064 - ERROR - Failed to fetch updates - TelegramConflictError: Telegram server says - Conflict: terminated by other getUpdates request; make sure that only one bot instance is running
2025-06-13 17:03:17,119 - WARNING - Sleep for 4.949105 seconds and try again... (tryings = 13, bot id = 7800821253)
2025-06-13 17:03:22,198 - ERROR - Failed to fetch updates - TelegramConflictError: Telegram server says - Conflict: terminated by other getUpdates request; make sure that only one bot instance is running
2025-06-13 17:03:22,199 - WARNING - Sleep for 4.932262 seconds and try again... (tryings = 19, bot id = 7800821253)
2025-06-13 17:03:27,252 - ERROR - Failed to fetch updates - TelegramConflictError: Telegram server says - Conflict: terminated by other getUpdates request; make sure that only one bot instance is running
2025-06-13 17:03:27,253 - WARNING - Sleep for 5.057048 seconds and try again... (tryings = 14, bot id = 7800821253)
2025-06-13 17:03:32,423 - ERROR - Failed to fetch updates - TelegramConflictError: Telegram server says - Conflict: terminated by other getUpdates request; make sure that only one bot instance is running
2025-06-13 17:03:32,424 - WARNING - Sleep for 4.812963 seconds and try again... (tryings = 20, bot id = 7800821253)
2025-06-13 17:03:37,358 - ERROR - Failed to fetch updates - TelegramConflictError: Telegram server says - Conflict: terminated by other getUpdates request; make sure that only one bot instance is running
2025-06-13 17:03:37,358 - WARNING - Sleep for 4.919853 seconds and try again... (tryings = 15, bot id = 7800821253)
2025-06-13 17:03:42,410 - ERROR - Failed to fetch updates - TelegramConflictError: Telegram server says - Conflict: terminated by other getUpdates request; make sure that only one bot instance is running
2025-06-13 17:03:42,411 - WARNING - Sleep for 5.035626 seconds and try again... (tryings = 21, bot id = 7800821253)
2025-06-13 17:03:47,576 - ERROR - Failed to fetch updates - TelegramConflictError: Telegram server says - Conflict: terminated by other getUpdates request; make sure that only one bot instance is running
2025-06-13 17:03:47,577 - WARNING - Sleep for 4.955197 seconds and try again... (tryings = 16, bot id = 7800821253)
2025-06-13 17:03:52,658 - ERROR - Failed to fetch updates - TelegramConflictError: Telegram server says - Conflict: terminated by other getUpdates request; make sure that only one bot instance is running
2025-06-13 17:03:52,659 - WARNING - Sleep for 4.961863 seconds and try again... (tryings = 22, bot id = 7800821253)
2025-06-13 17:03:57,748 - ERROR - Failed to fetch updates - TelegramConflictError: Telegram server says - Conflict: terminated by other getUpdates request; make sure that only one bot instance is running
2025-06-13 17:03:57,749 - WARNING - Sleep for 5.044767 seconds and try again... (tryings = 17, bot id = 7800821253)
2025-06-13 17:04:02,915 - ERROR - Failed to fetch updates - TelegramConflictError: Telegram server says - Conflict: terminated by other getUpdates request; make sure that only one bot instance is running
2025-06-13 17:04:02,915 - WARNING - Sleep for 4.884386 seconds and try again... (tryings = 23, bot id = 7800821253)
2025-06-13 17:04:07,921 - ERROR - Failed to fetch updates - TelegramConflictError: Telegram server says - Conflict: terminated by other getUpdates request; make sure that only one bot instance is running
2025-06-13 17:04:07,921 - WARNING - Sleep for 4.814172 seconds and try again... (tryings = 18, bot id = 7800821253)
2025-06-13 17:04:12,862 - ERROR - Failed to fetch updates - TelegramConflictError: Telegram server says - Conflict: terminated by other getUpdates request; make sure that only one bot instance is running
2025-06-13 17:04:12,863 - WARNING - Sleep for 5.183741 seconds and try again... (tryings = 24, bot id = 7800821253)
2025-06-13 17:04:18,176 - ERROR - Failed to fetch updates - TelegramConflictError: Telegram server says - Conflict: terminated by other getUpdates request; make sure that only one bot instance is running
2025-06-13 17:04:18,177 - WARNING - Sleep for 4.965131 seconds and try again... (tryings = 19, bot id = 7800821253)
2025-06-13 17:04:23,258 - ERROR - Failed to fetch updates - TelegramConflictError: Telegram server says - Conflict: terminated by other getUpdates request; make sure that only one bot instance is running
2025-06-13 17:04:23,258 - WARNING - Sleep for 5.023786 seconds and try again... (tryings = 25, bot id = 7800821253)
2025-06-13 17:04:28,406 - ERROR - Failed to fetch updates - TelegramConflictError: Telegram server says - Conflict: terminated by other getUpdates request; make sure that only one bot instance is running
2025-06-13 17:04:28,407 - WARNING - Sleep for 5.105311 seconds and try again... (tryings = 20, bot id = 7800821253)
2025-06-13 17:04:33,638 - ERROR - Failed to fetch updates - TelegramConflictError: Telegram server says - Conflict: terminated by other getUpdates request; make sure that only one bot instance is running
2025-06-13 17:04:33,638 - WARNING - Sleep for 4.867890 seconds and try again... (tryings = 26, bot id = 7800821253)
2025-06-13 17:04:38,622 - ERROR - Failed to fetch updates - TelegramConflictError: Telegram server says - Conflict: terminated by other getUpdates request; make sure that only one bot instance is running
2025-06-13 17:04:38,623 - WARNING - Sleep for 4.956807 seconds and try again... (tryings = 21, bot id = 7800821253)
2025-06-13 17:04:43,711 - ERROR - Failed to fetch updates - TelegramConflictError: Telegram server says - Conflict: terminated by other getUpdates request; make sure that only one bot instance is running
2025-06-13 17:04:43,712 - WARNING - Sleep for 4.920387 seconds and try again... (tryings = 27, bot id = 7800821253)
2025-06-13 17:04:48,758 - ERROR - Failed to fetch updates - TelegramConflictError: Telegram server says - Conflict: terminated by other getUpdates request; make sure that only one bot instance is running
2025-06-13 17:04:48,759 - WARNING - Sleep for 5.006239 seconds and try again... (tryings = 22, bot id = 7800821253)
2025-06-13 17:04:50,446 - INFO - Admin user Suxrob logged in successfully with role super_admin.
2025-06-13 17:04:53,891 - ERROR - Failed to fetch updates - TelegramConflictError: Telegram server says - Conflict: terminated by other getUpdates request; make sure that only one bot instance is running
2025-06-13 17:04:53,892 - WARNING - Sleep for 5.138332 seconds and try again... (tryings = 28, bot id = 7800821253)
2025-06-13 17:04:59,151 - ERROR - Failed to fetch updates - TelegramConflictError: Telegram server says - Conflict: terminated by other getUpdates request; make sure that only one bot instance is running
2025-06-13 17:04:59,152 - WARNING - Sleep for 5.015659 seconds and try again... (tryings = 23, bot id = 7800821253)
2025-06-13 17:05:04,292 - ERROR - Failed to fetch updates - TelegramConflictError: Telegram server says - Conflict: terminated by other getUpdates request; make sure that only one bot instance is running
2025-06-13 17:05:04,293 - WARNING - Sleep for 5.098177 seconds and try again... (tryings = 29, bot id = 7800821253)
2025-06-13 17:05:09,522 - ERROR - Failed to fetch updates - TelegramConflictError: Telegram server says - Conflict: terminated by other getUpdates request; make sure that only one bot instance is running
2025-06-13 17:05:09,522 - WARNING - Sleep for 5.061707 seconds and try again... (tryings = 24, bot id = 7800821253)
2025-06-13 17:05:14,708 - ERROR - Failed to fetch updates - TelegramConflictError: Telegram server says - Conflict: terminated by other getUpdates request; make sure that only one bot instance is running
2025-06-13 17:05:14,708 - WARNING - Sleep for 4.898035 seconds and try again... (tryings = 30, bot id = 7800821253)
2025-06-13 17:05:19,727 - ERROR - Failed to fetch updates - TelegramConflictError: Telegram server says - Conflict: terminated by other getUpdates request; make sure that only one bot instance is running
2025-06-13 17:05:19,783 - WARNING - Sleep for 5.078087 seconds and try again... (tryings = 25, bot id = 7800821253)
2025-06-13 17:05:24,986 - ERROR - Failed to fetch updates - TelegramConflictError: Telegram server says - Conflict: terminated by other getUpdates request; make sure that only one bot instance is running
2025-06-13 17:05:24,987 - WARNING - Sleep for 4.960921 seconds and try again... (tryings = 31, bot id = 7800821253)
2025-06-13 17:05:30,076 - ERROR - Failed to fetch updates - TelegramConflictError: Telegram server says - Conflict: terminated by other getUpdates request; make sure that only one bot instance is running
2025-06-13 17:05:30,077 - WARNING - Sleep for 5.064541 seconds and try again... (tryings = 26, bot id = 7800821253)
2025-06-13 17:05:35,264 - ERROR - Failed to fetch updates - TelegramConflictError: Telegram server says - Conflict: terminated by other getUpdates request; make sure that only one bot instance is running
2025-06-13 17:05:35,265 - WARNING - Sleep for 5.211647 seconds and try again... (tryings = 32, bot id = 7800821253)
2025-06-13 17:05:40,594 - ERROR - Failed to fetch updates - TelegramConflictError: Telegram server says - Conflict: terminated by other getUpdates request; make sure that only one bot instance is running
2025-06-13 17:05:40,594 - WARNING - Sleep for 4.938999 seconds and try again... (tryings = 27, bot id = 7800821253)
2025-06-13 17:05:45,653 - ERROR - Failed to fetch updates - TelegramConflictError: Telegram server says - Conflict: terminated by other getUpdates request; make sure that only one bot instance is running
2025-06-13 17:05:45,653 - WARNING - Sleep for 4.867810 seconds and try again... (tryings = 33, bot id = 7800821253)
2025-06-13 17:05:50,651 - ERROR - Failed to fetch updates - TelegramConflictError: Telegram server says - Conflict: terminated by other getUpdates request; make sure that only one bot instance is running
2025-06-13 17:05:50,668 - WARNING - Sleep for 5.087088 seconds and try again... (tryings = 28, bot id = 7800821253)
2025-06-13 17:05:55,867 - ERROR - Failed to fetch updates - TelegramConflictError: Telegram server says - Conflict: terminated by other getUpdates request; make sure that only one bot instance is running
2025-06-13 17:05:55,868 - WARNING - Sleep for 4.976748 seconds and try again... (tryings = 34, bot id = 7800821253)
2025-06-13 17:06:01,008 - ERROR - Failed to fetch updates - TelegramConflictError: Telegram server says - Conflict: terminated by other getUpdates request; make sure that only one bot instance is running
2025-06-13 17:06:01,008 - WARNING - Sleep for 5.079121 seconds and try again... (tryings = 29, bot id = 7800821253)
2025-06-13 17:06:06,209 - ERROR - Failed to fetch updates - TelegramConflictError: Telegram server says - Conflict: terminated by other getUpdates request; make sure that only one bot instance is running
2025-06-13 17:06:06,210 - WARNING - Sleep for 5.023301 seconds and try again... (tryings = 35, bot id = 7800821253)
2025-06-13 17:06:11,352 - ERROR - Failed to fetch updates - TelegramConflictError: Telegram server says - Conflict: terminated by other getUpdates request; make sure that only one bot instance is running
2025-06-13 17:06:11,353 - WARNING - Sleep for 5.029836 seconds and try again... (tryings = 30, bot id = 7800821253)
2025-06-13 17:06:16,506 - ERROR - Failed to fetch updates - TelegramConflictError: Telegram server says - Conflict: terminated by other getUpdates request; make sure that only one bot instance is running
2025-06-13 17:06:16,507 - WARNING - Sleep for 4.905247 seconds and try again... (tryings = 36, bot id = 7800821253)
2025-06-13 17:06:21,539 - ERROR - Failed to fetch updates - TelegramConflictError: Telegram server says - Conflict: terminated by other getUpdates request; make sure that only one bot instance is running
2025-06-13 17:06:21,539 - WARNING - Sleep for 5.063167 seconds and try again... (tryings = 31, bot id = 7800821253)
2025-06-13 17:06:26,734 - ERROR - Failed to fetch updates - TelegramConflictError: Telegram server says - Conflict: terminated by other getUpdates request; make sure that only one bot instance is running
2025-06-13 17:06:26,734 - WARNING - Sleep for 5.105917 seconds and try again... (tryings = 37, bot id = 7800821253)
2025-06-13 17:06:31,970 - ERROR - Failed to fetch updates - TelegramConflictError: Telegram server says - Conflict: terminated by other getUpdates request; make sure that only one bot instance is running
2025-06-13 17:06:31,970 - WARNING - Sleep for 4.933558 seconds and try again... (tryings = 32, bot id = 7800821253)
2025-06-13 17:06:37,031 - ERROR - Failed to fetch updates - TelegramConflictError: Telegram server says - Conflict: terminated by other getUpdates request; make sure that only one bot instance is running
2025-06-13 17:06:37,036 - WARNING - Sleep for 5.103665 seconds and try again... (tryings = 38, bot id = 7800821253)
2025-06-13 17:06:42,260 - ERROR - Failed to fetch updates - TelegramConflictError: Telegram server says - Conflict: terminated by other getUpdates request; make sure that only one bot instance is running
2025-06-13 17:06:42,261 - WARNING - Sleep for 4.879418 seconds and try again... (tryings = 33, bot id = 7800821253)
2025-06-13 17:06:47,255 - ERROR - Failed to fetch updates - TelegramConflictError: Telegram server says - Conflict: terminated by other getUpdates request; make sure that only one bot instance is running
2025-06-13 17:06:47,255 - WARNING - Sleep for 5.011306 seconds and try again... (tryings = 39, bot id = 7800821253)
2025-06-13 17:06:52,401 - ERROR - Failed to fetch updates - TelegramConflictError: Telegram server says - Conflict: terminated by other getUpdates request; make sure that only one bot instance is running
2025-06-13 17:06:52,402 - WARNING - Sleep for 4.948348 seconds and try again... (tryings = 34, bot id = 7800821253)
2025-06-13 17:06:57,470 - ERROR - Failed to fetch updates - TelegramConflictError: Telegram server says - Conflict: terminated by other getUpdates request; make sure that only one bot instance is running
2025-06-13 17:06:57,472 - WARNING - Sleep for 4.889491 seconds and try again... (tryings = 40, bot id = 7800821253)
2025-06-13 17:07:02,483 - ERROR - Failed to fetch updates - TelegramConflictError: Telegram server says - Conflict: terminated by other getUpdates request; make sure that only one bot instance is running
2025-06-13 17:07:02,484 - WARNING - Sleep for 5.103958 seconds and try again... (tryings = 35, bot id = 7800821253)
2025-06-13 17:07:07,711 - ERROR - Failed to fetch updates - TelegramConflictError: Telegram server says - Conflict: terminated by other getUpdates request; make sure that only one bot instance is running
2025-06-13 17:07:07,714 - WARNING - Sleep for 4.835337 seconds and try again... (tryings = 41, bot id = 7800821253)
2025-06-13 17:07:12,674 - ERROR - Failed to fetch updates - TelegramConflictError: Telegram server says - Conflict: terminated by other getUpdates request; make sure that only one bot instance is running
2025-06-13 17:07:12,675 - WARNING - Sleep for 4.949249 seconds and try again... (tryings = 36, bot id = 7800821253)
2025-06-13 17:07:17,756 - ERROR - Failed to fetch updates - TelegramConflictError: Telegram server says - Conflict: terminated by other getUpdates request; make sure that only one bot instance is running
2025-06-13 17:07:17,757 - WARNING - Sleep for 4.940229 seconds and try again... (tryings = 42, bot id = 7800821253)
2025-06-13 17:07:22,818 - ERROR - Failed to fetch updates - TelegramConflictError: Telegram server says - Conflict: terminated by other getUpdates request; make sure that only one bot instance is running
2025-06-13 17:07:22,818 - WARNING - Sleep for 4.923267 seconds and try again... (tryings = 37, bot id = 7800821253)
2025-06-13 17:07:27,885 - ERROR - Failed to fetch updates - TelegramConflictError: Telegram server says - Conflict: terminated by other getUpdates request; make sure that only one bot instance is running
2025-06-13 17:07:27,887 - WARNING - Sleep for 4.964045 seconds and try again... (tryings = 43, bot id = 7800821253)
2025-06-13 17:07:32,979 - ERROR - Failed to fetch updates - TelegramConflictError: Telegram server says - Conflict: terminated by other getUpdates request; make sure that only one bot instance is running
2025-06-13 17:07:32,979 - WARNING - Sleep for 4.921478 seconds and try again... (tryings = 38, bot id = 7800821253)
2025-06-13 17:07:38,021 - ERROR - Failed to fetch updates - TelegramConflictError: Telegram server says - Conflict: terminated by other getUpdates request; make sure that only one bot instance is running
2025-06-13 17:07:38,021 - WARNING - Sleep for 4.992501 seconds and try again... (tryings = 44, bot id = 7800821253)
2025-06-13 17:07:43,142 - ERROR - Failed to fetch updates - TelegramConflictError: Telegram server says - Conflict: terminated by other getUpdates request; make sure that only one bot instance is running
2025-06-13 17:07:43,143 - WARNING - Sleep for 4.981606 seconds and try again... (tryings = 39, bot id = 7800821253)
2025-06-13 17:07:48,248 - ERROR - Failed to fetch updates - TelegramConflictError: Telegram server says - Conflict: terminated by other getUpdates request; make sure that only one bot instance is running
2025-06-13 17:07:48,249 - WARNING - Sleep for 4.940285 seconds and try again... (tryings = 45, bot id = 7800821253)
2025-06-13 17:07:53,305 - ERROR - Failed to fetch updates - TelegramConflictError: Telegram server says - Conflict: terminated by other getUpdates request; make sure that only one bot instance is running
2025-06-13 17:07:53,305 - WARNING - Sleep for 4.925607 seconds and try again... (tryings = 40, bot id = 7800821253)
2025-06-13 17:07:58,351 - ERROR - Failed to fetch updates - TelegramConflictError: Telegram server says - Conflict: terminated by other getUpdates request; make sure that only one bot instance is running
2025-06-13 17:07:58,351 - WARNING - Sleep for 5.043993 seconds and try again... (tryings = 46, bot id = 7800821253)
2025-06-13 17:08:03,519 - ERROR - Failed to fetch updates - TelegramConflictError: Telegram server says - Conflict: terminated by other getUpdates request; make sure that only one bot instance is running
2025-06-13 17:08:03,519 - WARNING - Sleep for 5.049886 seconds and try again... (tryings = 41, bot id = 7800821253)
2025-06-13 17:08:08,692 - ERROR - Failed to fetch updates - TelegramConflictError: Telegram server says - Conflict: terminated by other getUpdates request; make sure that only one bot instance is running
2025-06-13 17:08:08,692 - WARNING - Sleep for 5.005279 seconds and try again... (tryings = 47, bot id = 7800821253)
2025-06-13 17:08:13,822 - ERROR - Failed to fetch updates - TelegramConflictError: Telegram server says - Conflict: terminated by other getUpdates request; make sure that only one bot instance is running
2025-06-13 17:08:13,822 - WARNING - Sleep for 5.043469 seconds and try again... (tryings = 42, bot id = 7800821253)
2025-06-13 17:08:18,991 - ERROR - Failed to fetch updates - TelegramConflictError: Telegram server says - Conflict: terminated by other getUpdates request; make sure that only one bot instance is running
2025-06-13 17:08:18,992 - WARNING - Sleep for 4.931496 seconds and try again... (tryings = 48, bot id = 7800821253)
2025-06-13 17:08:24,045 - ERROR - Failed to fetch updates - TelegramConflictError: Telegram server says - Conflict: terminated by other getUpdates request; make sure that only one bot instance is running
2025-06-13 17:08:24,045 - WARNING - Sleep for 4.766890 seconds and try again... (tryings = 43, bot id = 7800821253)
2025-06-13 17:08:28,936 - ERROR - Failed to fetch updates - TelegramConflictError: Telegram server says - Conflict: terminated by other getUpdates request; make sure that only one bot instance is running
2025-06-13 17:08:28,936 - WARNING - Sleep for 5.063859 seconds and try again... (tryings = 49, bot id = 7800821253)
2025-06-13 17:08:34,128 - ERROR - Failed to fetch updates - TelegramConflictError: Telegram server says - Conflict: terminated by other getUpdates request; make sure that only one bot instance is running
2025-06-13 17:08:34,128 - WARNING - Sleep for 4.799499 seconds and try again... (tryings = 44, bot id = 7800821253)
2025-06-13 17:08:39,067 - ERROR - Failed to fetch updates - TelegramConflictError: Telegram server says - Conflict: terminated by other getUpdates request; make sure that only one bot instance is running
2025-06-13 17:08:39,068 - WARNING - Sleep for 4.998588 seconds and try again... (tryings = 50, bot id = 7800821253)
2025-06-13 17:08:44,200 - ERROR - Failed to fetch updates - TelegramConflictError: Telegram server says - Conflict: terminated by other getUpdates request; make sure that only one bot instance is running
2025-06-13 17:08:44,200 - WARNING - Sleep for 5.232298 seconds and try again... (tryings = 45, bot id = 7800821253)
2025-06-13 17:08:49,547 - ERROR - Failed to fetch updates - TelegramConflictError: Telegram server says - Conflict: terminated by other getUpdates request; make sure that only one bot instance is running
2025-06-13 17:08:49,548 - WARNING - Sleep for 5.002419 seconds and try again... (tryings = 51, bot id = 7800821253)
2025-06-13 17:08:54,670 - ERROR - Failed to fetch updates - TelegramConflictError: Telegram server says - Conflict: terminated by other getUpdates request; make sure that only one bot instance is running
2025-06-13 17:08:54,671 - WARNING - Sleep for 4.777854 seconds and try again... (tryings = 46, bot id = 7800821253)
2025-06-13 17:08:59,559 - ERROR - Failed to fetch updates - TelegramConflictError: Telegram server says - Conflict: terminated by other getUpdates request; make sure that only one bot instance is running
2025-06-13 17:08:59,560 - WARNING - Sleep for 4.965544 seconds and try again... (tryings = 52, bot id = 7800821253)
2025-06-13 17:09:04,661 - ERROR - Failed to fetch updates - TelegramConflictError: Telegram server says - Conflict: terminated by other getUpdates request; make sure that only one bot instance is running
2025-06-13 17:09:04,664 - WARNING - Sleep for 5.025689 seconds and try again... (tryings = 47, bot id = 7800821253)
2025-06-13 17:09:09,801 - ERROR - Failed to fetch updates - TelegramConflictError: Telegram server says - Conflict: terminated by other getUpdates request; make sure that only one bot instance is running
2025-06-13 17:09:09,801 - WARNING - Sleep for 5.243672 seconds and try again... (tryings = 53, bot id = 7800821253)
2025-06-13 17:09:15,160 - ERROR - Failed to fetch updates - TelegramConflictError: Telegram server says - Conflict: terminated by other getUpdates request; make sure that only one bot instance is running
2025-06-13 17:09:15,161 - WARNING - Sleep for 5.106518 seconds and try again... (tryings = 48, bot id = 7800821253)
2025-06-13 17:09:20,387 - ERROR - Failed to fetch updates - TelegramConflictError: Telegram server says - Conflict: terminated by other getUpdates request; make sure that only one bot instance is running
2025-06-13 17:09:20,387 - WARNING - Sleep for 5.181302 seconds and try again... (tryings = 54, bot id = 7800821253)
2025-06-13 17:09:25,693 - ERROR - Failed to fetch updates - TelegramConflictError: Telegram server says - Conflict: terminated by other getUpdates request; make sure that only one bot instance is running
2025-06-13 17:09:25,694 - WARNING - Sleep for 5.076515 seconds and try again... (tryings = 49, bot id = 7800821253)
